Arguments: 
  /home/erick/.nvm/versions/node/v10.15.0/bin/node /usr/share/yarn/bin/yarn.js add pip3

PATH: 
  /home/erick/.nvm/versions/node/v10.15.0/bin:/usr/local/sbin:/usr/local/bin:/usr/sbin:/usr/bin:/sbin:/bin:/usr/games:/usr/local/games:/snap/bin:/home/erick/Android/Sdk/tools:/home/erick/Android/Sdk/tools/bin:/home/erick/Android/Sdk/platform-tools

Yarn version: 
  1.12.3

Node version: 
  10.15.0

Platform: 
  linux x64

Trace: 
  Error: https://registry.yarnpkg.com/pip3: Not found
      at Request.params.callback [as _callback] (/usr/share/yarn/lib/cli.js:65894:18)
      at Request.self.callback (/usr/share/yarn/lib/cli.js:129018:22)
      at Request.emit (events.js:182:13)
      at Request.<anonymous> (/usr/share/yarn/lib/cli.js:129990:10)
      at Request.emit (events.js:182:13)
      at IncomingMessage.<anonymous> (/usr/share/yarn/lib/cli.js:129912:12)
      at Object.onceWrapper (events.js:273:13)
      at IncomingMessage.emit (events.js:187:15)
      at endReadableNT (_stream_readable.js:1094:12)
      at process._tickCallback (internal/process/next_tick.js:63:19)

npm manifest: 
  No manifest

yarn manifest: 
  No manifest

Lockfile: 
  No lockfile
